android/app/build/intermediates/manifest_merge_blame_file/debug/manifest-merger-blame-debug-report.txt
1<?xml version="1.0" encoding="utf-8"?>
2<manifest xmlns:android="http://schemas.android.com/apk/res/android"
3    package="com.github.owlruslan.rider"
4    android:versionCode="1"
5    android:versionName="1.0" >
6
7    <uses-sdk
8        android:minSdkVersion="26"
8-->src/main/AndroidManifest.xml
9        android:targetSdkVersion="28" />
9-->src/main/AndroidManifest.xml
10
11    <!--
12         The ACCESS_COARSE/FINE_LOCATION permissions are not required to use
13         Google Maps Android API v2, but you must specify either coarse or fine
14         location permissions for the 'MyLocation' functionality.
15    -->
16    <uses-permission android:name="android.permission.ACCESS_FINE_LOCATION" />
16-->src/main/AndroidManifest.xml:10:5-78
16-->src/main/AndroidManifest.xml:10:22-76
17    <uses-permission android:name="android.permission.INTERNET" />
17-->src/main/AndroidManifest.xml:11:5-67
17-->src/main/AndroidManifest.xml:11:22-64
18    <uses-permission android:name="android.permission.ACCESS_WIFI_STATE" /> <!-- Include required permissions for Google Maps API to run. -->
18-->[com.google.android.libraries.places:places:2.3.0] AndroidManifest.xml:10:5-76
18-->[com.google.android.libraries.places:places:2.3.0] AndroidManifest.xml:10:22-73
19    <uses-permission android:name="android.permission.ACCESS_NETWORK_STATE" />
19-->[com.google.android.gms:play-services-maps:17.0.0] AndroidManifest.xml:23:5-79
19-->[com.google.android.gms:play-services-maps:17.0.0] AndroidManifest.xml:23:22-76
20
21    <uses-feature
21-->[com.google.android.gms:play-services-maps:17.0.0] AndroidManifest.xml:26:5-28:35
22        android:glEsVersion="0x00020000"
22-->[com.google.android.gms:play-services-maps:17.0.0] AndroidManifest.xml:27:9-41
23        android:required="true" />
23-->[com.google.android.gms:play-services-maps:17.0.0] AndroidManifest.xml:28:9-32
24    <uses-feature
24-->[com.mapbox.mapboxsdk:mapbox-android-sdk:9.2.1] AndroidManifest.xml:12:5-14:36
25        android:name="android.hardware.wifi"
25-->[com.mapbox.mapboxsdk:mapbox-android-sdk:9.2.1] AndroidManifest.xml:13:9-45
26        android:required="false" /> <!-- Required for CrashReporterJobIntentService on API levels below 25 -->
26-->[com.mapbox.mapboxsdk:mapbox-android-sdk:9.2.1] AndroidManifest.xml:14:9-33
27    <uses-permission android:name="android.permission.WAKE_LOCK" />
27-->[com.mapbox.mapboxsdk:mapbox-android-telemetry:5.0.1] AndroidManifest.xml:12:5-68
27-->[com.mapbox.mapboxsdk:mapbox-android-telemetry:5.0.1] AndroidManifest.xml:12:22-65
28
29    <application
29-->src/main/AndroidManifest.xml:13:5-53:19
30        android:name="com.github.owlruslan.rider.RiderApplication"
30-->src/main/AndroidManifest.xml:14:13-45
31        android:allowBackup="true"
31-->src/main/AndroidManifest.xml:15:13-39
32        android:appComponentFactory="androidx.core.app.CoreComponentFactory"
32-->[androidx.core:core:1.5.0-alpha02] AndroidManifest.xml:24:18-86
33        android:debuggable="true"
34        android:extractNativeLibs="false"
35        android:icon="@mipmap/ic_launcher"
35-->src/main/AndroidManifest.xml:16:13-47
36        android:label="@string/app_name"
36-->src/main/AndroidManifest.xml:17:13-45
37        android:roundIcon="@mipmap/ic_launcher_round"
37-->src/main/AndroidManifest.xml:18:13-58
38        android:supportsRtl="true"
38-->src/main/AndroidManifest.xml:19:13-39
39        android:testOnly="true"
40        android:theme="@style/AppTheme" >
40-->src/main/AndroidManifest.xml:20:13-44
41
42        <!-- To fix bug Failed resolution of: Lorg/apache/http/ProtocolVersion; -->
43        <uses-library
43-->src/main/AndroidManifest.xml:23:9-88
44            android:name="org.apache.http.legacy"
44-->src/main/AndroidManifest.xml:23:23-60
45            android:required="false" />
45-->src/main/AndroidManifest.xml:23:61-85
46
47        <!--
48             The API key for Google Maps-based APIs is defined as a string resource.
49             (See the file "res/values/google_maps_api.xml").
50             Note that the API key is linked to the encryption key used to sign the APK.
51             You need a different API key for each encryption key, including the release key that is used to
52             sign the APK for publishing.
53             You can define the keys for the debug and release targets in src/debug/ and src/release/.
54        -->
55        <meta-data
55-->src/main/AndroidManifest.xml:33:9-35:58
56            android:name="com.google.android.geo.API_KEY"
56-->src/main/AndroidManifest.xml:34:17-62
57            android:value="@string/google_maps_key" />
57-->src/main/AndroidManifest.xml:35:17-56
58        <meta-data
58-->src/main/AndroidManifest.xml:37:9-94
59            android:name="preloaded_fonts"
59-->src/main/AndroidManifest.xml:37:20-50
60            android:resource="@array/preloaded_fonts" />
60-->src/main/AndroidManifest.xml:37:51-92
61
62        <activity
62-->src/main/AndroidManifest.xml:39:9-42:20
63            android:name="com.github.owlruslan.rider.ui.modes.passanger.search.MapsActivity"
63-->src/main/AndroidManifest.xml:40:17-97
64            android:label="@string/title_activity_maps" >
64-->src/main/AndroidManifest.xml:41:17-60
65        </activity>
66        <activity
66-->src/main/AndroidManifest.xml:43:9-52:20
67            android:name="com.github.owlruslan.rider.ui.MainActivity"
67-->src/main/AndroidManifest.xml:44:17-48
68            android:label="@string/app_name"
68-->src/main/AndroidManifest.xml:45:17-49
69            android:theme="@style/AppTheme.NoActionBar" >
69-->src/main/AndroidManifest.xml:46:17-60
70            <intent-filter>
70-->src/main/AndroidManifest.xml:47:13-51:29
71                <action android:name="android.intent.action.MAIN" />
71-->src/main/AndroidManifest.xml:48:17-68
71-->src/main/AndroidManifest.xml:48:25-66
72
73                <category android:name="android.intent.category.LAUNCHER" />
73-->src/main/AndroidManifest.xml:50:17-76
73-->src/main/AndroidManifest.xml:50:27-74
74            </intent-filter>
75        </activity>
76        <activity
76-->[com.google.android.libraries.places:places:2.3.0] AndroidManifest.xml:14:9-20:20
77            android:name="com.google.android.libraries.places.widget.AutocompleteActivity"
77-->[com.google.android.libraries.places:places:2.3.0] AndroidManifest.xml:15:13-91
78            android:exported="false"
78-->[com.google.android.libraries.places:places:2.3.0] AndroidManifest.xml:16:13-37
79            android:label="@string/places_autocomplete_label"
79-->[com.google.android.libraries.places:places:2.3.0] AndroidManifest.xml:17:13-62
80            android:theme="@style/PlacesAutocompleteOverlay"
80-->[com.google.android.libraries.places:places:2.3.0] AndroidManifest.xml:18:13-61
81            android:windowSoftInputMode="adjustResize" >
81-->[com.google.android.libraries.places:places:2.3.0] AndroidManifest.xml:19:13-55
82        </activity>
83
84        <service
84-->[com.google.android.datatransport:transport-backend-cct:2.1.0] AndroidManifest.xml:29:9-35:19
85            android:name="com.google.android.datatransport.runtime.backends.TransportBackendDiscovery"
85-->[com.google.android.datatransport:transport-backend-cct:2.1.0] AndroidManifest.xml:30:13-103
86            android:exported="false" >
86-->[com.google.android.datatransport:transport-backend-cct:2.1.0] AndroidManifest.xml:31:13-37
87            <meta-data
87-->[com.google.android.datatransport:transport-backend-cct:2.1.0] AndroidManifest.xml:32:13-34:39
88                android:name="backend:com.google.android.datatransport.cct.CctBackendFactory"
88-->[com.google.android.datatransport:transport-backend-cct:2.1.0] AndroidManifest.xml:33:17-94
89                android:value="cct" />
89-->[com.google.android.datatransport:transport-backend-cct:2.1.0] AndroidManifest.xml:34:17-36
90        </service>
91        <service
91-->[com.google.android.datatransport:transport-runtime:2.1.0] AndroidManifest.xml:26:9-30:19
92            android:name="com.google.android.datatransport.runtime.scheduling.jobscheduling.JobInfoSchedulerService"
92-->[com.google.android.datatransport:transport-runtime:2.1.0] AndroidManifest.xml:27:13-117
93            android:exported="false"
93-->[com.google.android.datatransport:transport-runtime:2.1.0] AndroidManifest.xml:28:13-37
94            android:permission="android.permission.BIND_JOB_SERVICE" >
94-->[com.google.android.datatransport:transport-runtime:2.1.0] AndroidManifest.xml:29:13-69
95        </service>
96
97        <receiver
97-->[com.google.android.datatransport:transport-runtime:2.1.0] AndroidManifest.xml:32:9-34:40
98            android:name="com.google.android.datatransport.runtime.scheduling.jobscheduling.AlarmManagerSchedulerBroadcastReceiver"
98-->[com.google.android.datatransport:transport-runtime:2.1.0] AndroidManifest.xml:33:13-132
99            android:exported="false" />
99-->[com.google.android.datatransport:transport-runtime:2.1.0] AndroidManifest.xml:34:13-37
100
101        <activity
101-->[com.google.android.gms:play-services-base:17.0.0] AndroidManifest.xml:23:9-26:75
102            android:name="com.google.android.gms.common.api.GoogleApiActivity"
102-->[com.google.android.gms:play-services-base:17.0.0] AndroidManifest.xml:24:13-79
103            android:exported="false"
103-->[com.google.android.gms:play-services-base:17.0.0] AndroidManifest.xml:25:13-37
104            android:theme="@android:style/Theme.Translucent.NoTitleBar" />
104-->[com.google.android.gms:play-services-base:17.0.0] AndroidManifest.xml:26:13-72
105
106        <meta-data
106-->[com.google.android.gms:play-services-basement:17.0.0] AndroidManifest.xml:23:9-25:69
107            android:name="com.google.android.gms.version"
107-->[com.google.android.gms:play-services-basement:17.0.0] AndroidManifest.xml:24:13-58
108            android:value="@integer/google_play_services_version" />
108-->[com.google.android.gms:play-services-basement:17.0.0] AndroidManifest.xml:25:13-66
109
110        <provider
110-->[com.mapbox.mapboxsdk:mapbox-android-telemetry:5.0.1] AndroidManifest.xml:18:9-22:39
111            android:name="com.mapbox.android.telemetry.provider.MapboxTelemetryInitProvider"
111-->[com.mapbox.mapboxsdk:mapbox-android-telemetry:5.0.1] AndroidManifest.xml:19:13-93
112            android:authorities="com.github.owlruslan.rider.mapboxtelemetryinitprovider"
112-->[com.mapbox.mapboxsdk:mapbox-android-telemetry:5.0.1] AndroidManifest.xml:20:13-79
113            android:exported="false"
113-->[com.mapbox.mapboxsdk:mapbox-android-telemetry:5.0.1] AndroidManifest.xml:21:13-37
114            android:initOrder="100" />
114-->[com.mapbox.mapboxsdk:mapbox-android-telemetry:5.0.1] AndroidManifest.xml:22:13-36
115
116        <service
116-->[com.mapbox.mapboxsdk:mapbox-android-telemetry:5.0.1] AndroidManifest.xml:24:9-26:72
117            android:name="com.mapbox.android.telemetry.errors.ErrorReporterJobIntentService"
117-->[com.mapbox.mapboxsdk:mapbox-android-telemetry:5.0.1] AndroidManifest.xml:25:13-93
118            android:permission="android.permission.BIND_JOB_SERVICE" />
118-->[com.mapbox.mapboxsdk:mapbox-android-telemetry:5.0.1] AndroidManifest.xml:26:13-69
119
120        <provider
120-->[androidx.lifecycle:lifecycle-process:2.1.0] AndroidManifest.xml:23:9-27:43
121            android:name="androidx.lifecycle.ProcessLifecycleOwnerInitializer"
121-->[androidx.lifecycle:lifecycle-process:2.1.0] AndroidManifest.xml:24:13-79
122            android:authorities="com.github.owlruslan.rider.lifecycle-process"
122-->[androidx.lifecycle:lifecycle-process:2.1.0] AndroidManifest.xml:25:13-69
123            android:exported="false"
123-->[androidx.lifecycle:lifecycle-process:2.1.0] AndroidManifest.xml:26:13-37
124            android:multiprocess="true" />
124-->[androidx.lifecycle:lifecycle-process:2.1.0] AndroidManifest.xml:27:13-40
125    </application>
126
127</manifest>